Analysis & Synthesis report for hdmi_display
Mon Jun 13 03:08:49 2022
Quartus Prime Version 20.1.0 Build 711 06/05/2020 SJ Lite Edition


---------------------
; Table of Contents ;
---------------------
  1. Legal Notice
  2. Analysis & Synthesis Summary
  3. Analysis & Synthesis Settings
  4. Parallel Compilation
  5. Analysis & Synthesis Source Files Read
  6. Analysis & Synthesis Resource Usage Summary
  7. Analysis & Synthesis Resource Utilization by Entity
  8. Analysis & Synthesis IP Cores Summary
  9. State Machine - |hdmi_display|i2c_hdmi:i2c_hdmi|setup_state
 10. Registers Removed During Synthesis
 11. General Register Statistics
 12. Inverted Register Statistics
 13. Multiplexer Restructuring Statistics (Restructuring Performed)
 14. Parameter Settings for User Entity Instance: pll_25:pll_25|pll_25_0002:pll_25_inst|altera_pll:altera_pll_i
 15. Parameter Settings for User Entity Instance: i2c_hdmi:i2c_hdmi
 16. Port Connectivity Checks: "i2c_hdmi:i2c_hdmi|I2C_Controller:unit1|i2c_write:first"
 17. Port Connectivity Checks: "i2c_hdmi:i2c_hdmi|I2C_Controller:unit1"
 18. Post-Synthesis Netlist Statistics for Top Partition
 19. Elapsed Time Per Partition
 20. Analysis & Synthesis Messages



----------------
; Legal Notice ;
----------------
Copyright (C) 2020  Intel Corporation. All rights reserved.
Your use of Intel Corporation's design tools, logic functions 
and other software and tools, and any partner logic 
functions, and any output files from any of the foregoing 
(including device programming or simulation files), and any 
associated documentation or information are expressly subject 
to the terms and conditions of the Intel Program License 
Subscription Agreement, the Intel Quartus Prime License Agreement,
the Intel FPGA IP License Agreement, or other applicable license
agreement, including, without limitation, that your use is for
the sole purpose of programming logic devices manufactured by
Intel and sold by Intel or its authorized distributors.  Please
refer to the applicable agreement for further details, at
https://fpgasoftware.intel.com/eula.



+-------------------------------------------------------------------------------+
; Analysis & Synthesis Summary                                                  ;
+---------------------------------+---------------------------------------------+
; Analysis & Synthesis Status     ; Successful - Mon Jun 13 03:08:49 2022       ;
; Quartus Prime Version           ; 20.1.0 Build 711 06/05/2020 SJ Lite Edition ;
; Revision Name                   ; hdmi_display                                ;
; Top-level Entity Name           ; hdmi_display                                ;
; Family                          ; Cyclone V                                   ;
; Logic utilization (in ALMs)     ; N/A                                         ;
; Total registers                 ; 93                                          ;
; Total pins                      ; 41                                          ;
; Total virtual pins              ; 0                                           ;
; Total block memory bits         ; 0                                           ;
; Total DSP Blocks                ; 0                                           ;
; Total HSSI RX PCSs              ; 0                                           ;
; Total HSSI PMA RX Deserializers ; 0                                           ;
; Total HSSI TX PCSs              ; 0                                           ;
; Total HSSI PMA TX Serializers   ; 0                                           ;
; Total PLLs                      ; 1                                           ;
; Total DLLs                      ; 0                                           ;
+---------------------------------+---------------------------------------------+


+---------------------------------------------------------------------------------------------------------------------------+
; Analysis & Synthesis Settings                                                                                             ;
+---------------------------------------------------------------------------------+--------------------+--------------------+
; Option                                                                          ; Setting            ; Default Value      ;
+---------------------------------------------------------------------------------+--------------------+--------------------+
; Device                                                                          ; 5CSEBA6U23I7       ;                    ;
; Top-level entity name                                                           ; hdmi_display       ; hdmi_display       ;
; Family name                                                                     ; Cyclone V          ; Cyclone V          ;
; Use smart compilation                                                           ; Off                ; Off                ;
; Enable parallel Assembler and Timing Analyzer during compilation                ; On                 ; On                 ;
; Enable compact report table                                                     ; Off                ; Off                ;
; Restructure Multiplexers                                                        ; Auto               ; Auto               ;
; MLAB Add Timing Constraints For Mixed-Port Feed-Through Mode Setting Don't Care ; Off                ; Off                ;
; Create Debugging Nodes for IP Cores                                             ; Off                ; Off                ;
; Preserve fewer node names                                                       ; On                 ; On                 ;
; Intel FPGA IP Evaluation Mode                                                   ; Enable             ; Enable             ;
; Verilog Version                                                                 ; Verilog_2001       ; Verilog_2001       ;
; VHDL Version                                                                    ; VHDL_1993          ; VHDL_1993          ;
; State Machine Processing                                                        ; Auto               ; Auto               ;
; Safe State Machine                                                              ; Off                ; Off                ;
; Extract Verilog State Machines                                                  ; On                 ; On                 ;
; Extract VHDL State Machines                                                     ; On                 ; On                 ;
; Ignore Verilog initial constructs                                               ; Off                ; Off                ;
; Iteration limit for constant Verilog loops                                      ; 5000               ; 5000               ;
; Iteration limit for non-constant Verilog loops                                  ; 250                ; 250                ;
; Add Pass-Through Logic to Inferred RAMs                                         ; On                 ; On                 ;
; Infer RAMs from Raw Logic                                                       ; On                 ; On                 ;
; Parallel Synthesis                                                              ; On                 ; On                 ;
; DSP Block Balancing                                                             ; Auto               ; Auto               ;
; NOT Gate Push-Back                                                              ; On                 ; On                 ;
; Power-Up Don't Care                                                             ; On                 ; On                 ;
; Remove Redundant Logic Cells                                                    ; Off                ; Off                ;
; Remove Duplicate Registers                                                      ; On                 ; On                 ;
; Ignore CARRY Buffers                                                            ; Off                ; Off                ;
; Ignore CASCADE Buffers                                                          ; Off                ; Off                ;
; Ignore GLOBAL Buffers                                                           ; Off                ; Off                ;
; Ignore ROW GLOBAL Buffers                                                       ; Off                ; Off                ;
; Ignore LCELL Buffers                                                            ; Off                ; Off                ;
; Ignore SOFT Buffers                                                             ; On                 ; On                 ;
; Limit AHDL Integers to 32 Bits                                                  ; Off                ; Off                ;
; Optimization Technique                                                          ; Balanced           ; Balanced           ;
; Carry Chain Length                                                              ; 70                 ; 70                 ;
; Auto Carry Chains                                                               ; On                 ; On                 ;
; Auto Open-Drain Pins                                                            ; On                 ; On                 ;
; Perform WYSIWYG Primitive Resynthesis                                           ; Off                ; Off                ;
; Auto ROM Replacement                                                            ; On                 ; On                 ;
; Auto RAM Replacement                                                            ; On                 ; On                 ;
; Auto DSP Block Replacement                                                      ; On                 ; On                 ;
; Auto Shift Register Replacement                                                 ; Auto               ; Auto               ;
; Allow Shift Register Merging across Hierarchies                                 ; Auto               ; Auto               ;
; Auto Clock Enable Replacement                                                   ; On                 ; On                 ;
; Strict RAM Replacement                                                          ; Off                ; Off                ;
; Allow Synchronous Control Signals                                               ; On                 ; On                 ;
; Force Use of Synchronous Clear Signals                                          ; Off                ; Off                ;
; Auto Resource Sharing                                                           ; Off                ; Off                ;
; Allow Any RAM Size For Recognition                                              ; Off                ; Off                ;
; Allow Any ROM Size For Recognition                                              ; Off                ; Off                ;
; Allow Any Shift Register Size For Recognition                                   ; Off                ; Off                ;
; Use LogicLock Constraints during Resource Balancing                             ; On                 ; On                 ;
; Ignore translate_off and synthesis_off directives                               ; Off                ; Off                ;
; Timing-Driven Synthesis                                                         ; On                 ; On                 ;
; Report Parameter Settings                                                       ; On                 ; On                 ;
; Report Source Assignments                                                       ; On                 ; On                 ;
; Report Connectivity Checks                                                      ; On                 ; On                 ;
; Ignore Maximum Fan-Out Assignments                                              ; Off                ; Off                ;
; Synchronization Register Chain Length                                           ; 3                  ; 3                  ;
; Power Optimization During Synthesis                                             ; Normal compilation ; Normal compilation ;
; HDL message level                                                               ; Level2             ; Level2             ;
; Suppress Register Optimization Related Messages                                 ; Off                ; Off                ;
; Number of Removed Registers Reported in Synthesis Report                        ; 5000               ; 5000               ;
; Number of Swept Nodes Reported in Synthesis Report                              ; 5000               ; 5000               ;
; Number of Inverted Registers Reported in Synthesis Report                       ; 100                ; 100                ;
; Clock MUX Protection                                                            ; On                 ; On                 ;
; Auto Gated Clock Conversion                                                     ; Off                ; Off                ;
; Block Design Naming                                                             ; Auto               ; Auto               ;
; SDC constraint protection                                                       ; Off                ; Off                ;
; Synthesis Effort                                                                ; Auto               ; Auto               ;
; Shift Register Replacement - Allow Asynchronous Clear Signal                    ; On                 ; On                 ;
; Pre-Mapping Resynthesis Optimization                                            ; Off                ; Off                ;
; Analysis & Synthesis Message Level                                              ; Medium             ; Medium             ;
; Disable Register Merging Across Hierarchies                                     ; Auto               ; Auto               ;
; Resource Aware Inference For Block RAM                                          ; On                 ; On                 ;
; Automatic Parallel Synthesis                                                    ; On                 ; On                 ;
; Partial Reconfiguration Bitstream ID                                            ; Off                ; Off                ;
+---------------------------------------------------------------------------------+--------------------+--------------------+


+------------------------------------------+
; Parallel Compilation                     ;
+----------------------------+-------------+
; Processors                 ; Number      ;
+----------------------------+-------------+
; Number detected on machine ; 8           ;
; Maximum allowed            ; 4           ;
;                            ;             ;
; Average used               ; 1.00        ;
; Maximum used               ; 4           ;
;                            ;             ;
; Usage by Processor         ; % Time Used ;
;     Processor 1            ; 100.0%      ;
;     Processors 2-4         ;   0.0%      ;
+----------------------------+-------------+


+-------------------------------------------------------------------------------------------------------------------------------------------------------------------+
; Analysis & Synthesis Source Files Read                                                                                                                            ;
+----------------------------------+-----------------+------------------------------+---------------------------------------------------------------------+---------+
; File Name with User-Entered Path ; Used in Netlist ; File Type                    ; File Name with Absolute Path                                        ; Library ;
+----------------------------------+-----------------+------------------------------+---------------------------------------------------------------------+---------+
; pll_25.v                         ; yes             ; User Wizard-Generated File   ; C:/Users/User/Desktop/HDMI_full_project/pll_25.v                    ; pll_25  ;
; pll_25/pll_25_0002.v             ; yes             ; User Verilog HDL File        ; C:/Users/User/Desktop/HDMI_full_project/pll_25/pll_25_0002.v        ; pll_25  ;
; hdmi_display.v                   ; yes             ; Auto-Found Verilog HDL File  ; C:/Users/User/Desktop/HDMI_full_project/hdmi_display.v              ;         ;
; altera_pll.v                     ; yes             ; Megafunction                 ; c:/intelfpga_lite/20.1/quartus/libraries/megafunctions/altera_pll.v ;         ;
; hdmi_main.v                      ; yes             ; Auto-Found Verilog HDL File  ; C:/Users/User/Desktop/HDMI_full_project/hdmi_main.v                 ;         ;
; i2c_hdmi.v                       ; yes             ; Auto-Found Verilog HDL File  ; C:/Users/User/Desktop/HDMI_full_project/i2c_hdmi.v                  ;         ;
; i2c_controller.v                 ; yes             ; Auto-Found Verilog HDL File  ; C:/Users/User/Desktop/HDMI_full_project/i2c_controller.v            ;         ;
; i2c_write.v                      ; yes             ; Auto-Found Verilog HDL File  ; C:/Users/User/Desktop/HDMI_full_project/i2c_write.v                 ;         ;
+----------------------------------+-----------------+------------------------------+---------------------------------------------------------------------+---------+


+-----------------------------------------------------------------------------+
; Analysis & Synthesis Resource Usage Summary                                 ;
+---------------------------------------------+-------------------------------+
; Resource                                    ; Usage                         ;
+---------------------------------------------+-------------------------------+
; Estimate of Logic utilization (ALMs needed) ; 74                            ;
;                                             ;                               ;
; Combinational ALUT usage for logic          ; 130                           ;
;     -- 7 input functions                    ; 4                             ;
;     -- 6 input functions                    ; 14                            ;
;     -- 5 input functions                    ; 37                            ;
;     -- 4 input functions                    ; 15                            ;
;     -- <=3 input functions                  ; 60                            ;
;                                             ;                               ;
; Dedicated logic registers                   ; 93                            ;
;                                             ;                               ;
; I/O pins                                    ; 41                            ;
;                                             ;                               ;
; Total DSP Blocks                            ; 0                             ;
;                                             ;                               ;
; Total PLLs                                  ; 1                             ;
;     -- PLLs                                 ; 1                             ;
;                                             ;                               ;
; Maximum fan-out node                        ; i2c_hdmi:i2c_hdmi|control_clk ;
; Maximum fan-out                             ; 53                            ;
; Total fan-out                               ; 869                           ;
; Average fan-out                             ; 2.83                          ;
+---------------------------------------------+-------------------------------+


+-----------------------------------------------------------------------------------------------------------------------------------------------------------------------------------------------------------------------------------------------------------+
; Analysis & Synthesis Resource Utilization by Entity                                                                                                                                                                                                       ;
+------------------------------------+---------------------+---------------------------+-------------------+------------+------+--------------+-----------------------------------------------------------------------------+----------------+--------------+
; Compilation Hierarchy Node         ; Combinational ALUTs ; Dedicated Logic Registers ; Block Memory Bits ; DSP Blocks ; Pins ; Virtual Pins ; Full Hierarchy Name                                                         ; Entity Name    ; Library Name ;
+------------------------------------+---------------------+---------------------------+-------------------+------------+------+--------------+-----------------------------------------------------------------------------+----------------+--------------+
; |hdmi_display                      ; 130 (0)             ; 93 (0)                    ; 0                 ; 0          ; 41   ; 0            ; |hdmi_display                                                               ; hdmi_display   ; work         ;
;    |HDMI_main:hdmi_main|           ; 38 (38)             ; 24 (24)                   ; 0                 ; 0          ; 0    ; 0            ; |hdmi_display|HDMI_main:hdmi_main                                           ; HDMI_main      ; work         ;
;    |i2c_hdmi:i2c_hdmi|             ; 92 (50)             ; 69 (42)                   ; 0                 ; 0          ; 0    ; 0            ; |hdmi_display|i2c_hdmi:i2c_hdmi                                             ; i2c_hdmi       ; work         ;
;       |I2C_Controller:unit1|       ; 42 (0)              ; 27 (0)                    ; 0                 ; 0          ; 0    ; 0            ; |hdmi_display|i2c_hdmi:i2c_hdmi|I2C_Controller:unit1                        ; I2C_Controller ; work         ;
;          |i2c_write:first|         ; 42 (42)             ; 27 (27)                   ; 0                 ; 0          ; 0    ; 0            ; |hdmi_display|i2c_hdmi:i2c_hdmi|I2C_Controller:unit1|i2c_write:first        ; i2c_write      ; work         ;
;    |pll_25:pll_25|                 ; 0 (0)               ; 0 (0)                     ; 0                 ; 0          ; 0    ; 0            ; |hdmi_display|pll_25:pll_25                                                 ; pll_25         ; pll_25       ;
;       |pll_25_0002:pll_25_inst|    ; 0 (0)               ; 0 (0)                     ; 0                 ; 0          ; 0    ; 0            ; |hdmi_display|pll_25:pll_25|pll_25_0002:pll_25_inst                         ; pll_25_0002    ; pll_25       ;
;          |altera_pll:altera_pll_i| ; 0 (0)               ; 0 (0)                     ; 0                 ; 0          ; 0    ; 0            ; |hdmi_display|pll_25:pll_25|pll_25_0002:pll_25_inst|altera_pll:altera_pll_i ; altera_pll     ; work         ;
+------------------------------------+---------------------+---------------------------+-------------------+------------+------+--------------+-----------------------------------------------------------------------------+----------------+--------------+
Note: For table entries with two numbers listed, the numbers in parentheses indicate the number of resources of the given type used by the specific entity alone. The numbers listed outside of parentheses indicate the total resources of the given type used by the specific entity and all of its sub-entities in the hierarchy.


+---------------------------------------------------------------------------------------------------------------+
; Analysis & Synthesis IP Cores Summary                                                                         ;
+--------+--------------+---------+--------------+--------------+-----------------------------+-----------------+
; Vendor ; IP Core Name ; Version ; Release Date ; License Type ; Entity Instance             ; IP Include File ;
+--------+--------------+---------+--------------+--------------+-----------------------------+-----------------+
; Altera ; altera_pll   ; 20.1    ; N/A          ; N/A          ; |hdmi_display|pll_25:pll_25 ; pll_25.v        ;
+--------+--------------+---------+--------------+--------------+-----------------------------+-----------------+


Encoding Type:  One-Hot
+---------------------------------------------------------------------------+
; State Machine - |hdmi_display|i2c_hdmi:i2c_hdmi|setup_state               ;
+------------------+------------------+------------------+------------------+
; Name             ; setup_state.0000 ; setup_state.0010 ; setup_state.0001 ;
+------------------+------------------+------------------+------------------+
; setup_state.0000 ; 0                ; 0                ; 0                ;
; setup_state.0001 ; 1                ; 0                ; 1                ;
; setup_state.0010 ; 1                ; 1                ; 0                ;
+------------------+------------------+------------------+------------------+


+------------------------------------------------------------------------------------------------------------------------------------------------+
; Registers Removed During Synthesis                                                                                                             ;
+-------------------------------------------------------------------+----------------------------------------------------------------------------+
; Register name                                                     ; Reason for Removal                                                         ;
+-------------------------------------------------------------------+----------------------------------------------------------------------------+
; i2c_hdmi:i2c_hdmi|i2c_data[23]                                    ; Stuck at GND due to stuck port data_in                                     ;
; i2c_hdmi:i2c_hdmi|i2c_data[20..22]                                ; Stuck at VCC due to stuck port data_in                                     ;
; i2c_hdmi:i2c_hdmi|i2c_data[18,19]                                 ; Stuck at GND due to stuck port data_in                                     ;
; i2c_hdmi:i2c_hdmi|i2c_data[17]                                    ; Stuck at VCC due to stuck port data_in                                     ;
; i2c_hdmi:i2c_hdmi|i2c_data[16]                                    ; Stuck at GND due to stuck port data_in                                     ;
; i2c_hdmi:i2c_hdmi|I2C_Controller:unit1|i2c_write:first|BYTE[3..7] ; Merged with i2c_hdmi:i2c_hdmi|I2C_Controller:unit1|i2c_write:first|BYTE[2] ;
; i2c_hdmi:i2c_hdmi|I2C_Controller:unit1|i2c_write:first|BYTE[2]    ; Stuck at GND due to stuck port data_in                                     ;
; i2c_hdmi:i2c_hdmi|I2C_Controller:unit1|i2c_write:first|state[4]   ; Stuck at GND due to stuck port clock_enable                                ;
; i2c_hdmi:i2c_hdmi|setup_state~9                                   ; Lost fanout                                                                ;
; i2c_hdmi:i2c_hdmi|setup_state~10                                  ; Lost fanout                                                                ;
; i2c_hdmi:i2c_hdmi|LUT_INDEX[5]                                    ; Stuck at GND due to stuck port data_in                                     ;
; Total Number of Removed Registers = 18                            ;                                                                            ;
+-------------------------------------------------------------------+----------------------------------------------------------------------------+


+------------------------------------------------------+
; General Register Statistics                          ;
+----------------------------------------------+-------+
; Statistic                                    ; Value ;
+----------------------------------------------+-------+
; Total registers                              ; 93    ;
; Number of registers using Synchronous Clear  ; 45    ;
; Number of registers using Synchronous Load   ; 0     ;
; Number of registers using Asynchronous Clear ; 54    ;
; Number of registers using Asynchronous Load  ; 0     ;
; Number of registers using Clock Enable       ; 47    ;
; Number of registers using Preset             ; 0     ;
+----------------------------------------------+-------+


+--------------------------------------------------+
; Inverted Register Statistics                     ;
+----------------------------------------+---------+
; Inverted Register                      ; Fan out ;
+----------------------------------------+---------+
; HDMI_main:hdmi_main|v_sync             ; 1       ;
; HDMI_main:hdmi_main|h_sync             ; 2       ;
; Total number of inverted registers = 2 ;         ;
+----------------------------------------+---------+


+---------------------------------------------------------------------------------------------------------------------------------------------------------------------------------------------+
; Multiplexer Restructuring Statistics (Restructuring Performed)                                                                                                                              ;
+--------------------+-----------+---------------+----------------------+------------------------+------------+-------------------------------------------------------------------------------+
; Multiplexer Inputs ; Bus Width ; Baseline Area ; Area if Restructured ; Saving if Restructured ; Registered ; Example Multiplexer Output                                                    ;
+--------------------+-----------+---------------+----------------------+------------------------+------------+-------------------------------------------------------------------------------+
; 3:1                ; 6 bits    ; 12 LEs        ; 6 LEs                ; 6 LEs                  ; Yes        ; |hdmi_display|i2c_hdmi:i2c_hdmi|LUT_INDEX[5]                                  ;
; 3:1                ; 10 bits   ; 20 LEs        ; 0 LEs                ; 20 LEs                 ; Yes        ; |hdmi_display|HDMI_main:hdmi_main|pixel_v[7]                                  ;
; 33:1               ; 8 bits    ; 176 LEs       ; 0 LEs                ; 176 LEs                ; Yes        ; |hdmi_display|i2c_hdmi:i2c_hdmi|I2C_Controller:unit1|i2c_write:first|CNT[5]   ;
; 34:1               ; 4 bits    ; 88 LEs        ; 56 LEs               ; 32 LEs                 ; Yes        ; |hdmi_display|i2c_hdmi:i2c_hdmi|I2C_Controller:unit1|i2c_write:first|state[4] ;
; 35:1               ; 3 bits    ; 69 LEs        ; 6 LEs                ; 63 LEs                 ; Yes        ; |hdmi_display|i2c_hdmi:i2c_hdmi|I2C_Controller:unit1|i2c_write:first|BYTE[1]  ;
; 21:1               ; 8 bits    ; 112 LEs       ; 16 LEs               ; 96 LEs                 ; Yes        ; |hdmi_display|i2c_hdmi:i2c_hdmi|I2C_Controller:unit1|i2c_write:first|addr[8]  ;
+--------------------+-----------+---------------+----------------------+------------------------+------------+-------------------------------------------------------------------------------+


+------------------------------------------------------------------------------------------------------------+
; Parameter Settings for User Entity Instance: pll_25:pll_25|pll_25_0002:pll_25_inst|altera_pll:altera_pll_i ;
+--------------------------------------+------------------------+--------------------------------------------+
; Parameter Name                       ; Value                  ; Type                                       ;
+--------------------------------------+------------------------+--------------------------------------------+
; reference_clock_frequency            ; 50.0 MHz               ; String                                     ;
; fractional_vco_multiplier            ; false                  ; String                                     ;
; pll_type                             ; General                ; String                                     ;
; pll_subtype                          ; General                ; String                                     ;
; number_of_clocks                     ; 1                      ; Signed Integer                             ;
; operation_mode                       ; direct                 ; String                                     ;
; deserialization_factor               ; 4                      ; Signed Integer                             ;
; data_rate                            ; 0                      ; Signed Integer                             ;
; sim_additional_refclk_cycles_to_lock ; 0                      ; Signed Integer                             ;
; output_clock_frequency0              ; 25.000000 MHz          ; String                                     ;
; phase_shift0                         ; 0 ps                   ; String                                     ;
; duty_cycle0                          ; 50                     ; Signed Integer                             ;
; output_clock_frequency1              ; 0 MHz                  ; String                                     ;
; phase_shift1                         ; 0 ps                   ; String                                     ;
; duty_cycle1                          ; 50                     ; Signed Integer                             ;
; output_clock_frequency2              ; 0 MHz                  ; String                                     ;
; phase_shift2                         ; 0 ps                   ; String                                     ;
; duty_cycle2                          ; 50                     ; Signed Integer                             ;
; output_clock_frequency3              ; 0 MHz                  ; String                                     ;
; phase_shift3                         ; 0 ps                   ; String                                     ;
; duty_cycle3                          ; 50                     ; Signed Integer                             ;
; output_clock_frequency4              ; 0 MHz                  ; String                                     ;
; phase_shift4                         ; 0 ps                   ; String                                     ;
; duty_cycle4                          ; 50                     ; Signed Integer                             ;
; output_clock_frequency5              ; 0 MHz                  ; String                                     ;
; phase_shift5                         ; 0 ps                   ; String                                     ;
; duty_cycle5                          ; 50                     ; Signed Integer                             ;
; output_clock_frequency6              ; 0 MHz                  ; String                                     ;
; phase_shift6                         ; 0 ps                   ; String                                     ;
; duty_cycle6                          ; 50                     ; Signed Integer                             ;
; output_clock_frequency7              ; 0 MHz                  ; String                                     ;
; phase_shift7                         ; 0 ps                   ; String                                     ;
; duty_cycle7                          ; 50                     ; Signed Integer                             ;
; output_clock_frequency8              ; 0 MHz                  ; String                                     ;
; phase_shift8                         ; 0 ps                   ; String                                     ;
; duty_cycle8                          ; 50                     ; Signed Integer                             ;
; output_clock_frequency9              ; 0 MHz                  ; String                                     ;
; phase_shift9                         ; 0 ps                   ; String                                     ;
; duty_cycle9                          ; 50                     ; Signed Integer                             ;
; output_clock_frequency10             ; 0 MHz                  ; String                                     ;
; phase_shift10                        ; 0 ps                   ; String                                     ;
; duty_cycle10                         ; 50                     ; Signed Integer                             ;
; output_clock_frequency11             ; 0 MHz                  ; String                                     ;
; phase_shift11                        ; 0 ps                   ; String                                     ;
; duty_cycle11                         ; 50                     ; Signed Integer                             ;
; output_clock_frequency12             ; 0 MHz                  ; String                                     ;
; phase_shift12                        ; 0 ps                   ; String                                     ;
; duty_cycle12                         ; 50                     ; Signed Integer                             ;
; output_clock_frequency13             ; 0 MHz                  ; String                                     ;
; phase_shift13                        ; 0 ps                   ; String                                     ;
; duty_cycle13                         ; 50                     ; Signed Integer                             ;
; output_clock_frequency14             ; 0 MHz                  ; String                                     ;
; phase_shift14                        ; 0 ps                   ; String                                     ;
; duty_cycle14                         ; 50                     ; Signed Integer                             ;
; output_clock_frequency15             ; 0 MHz                  ; String                                     ;
; phase_shift15                        ; 0 ps                   ; String                                     ;
; duty_cycle15                         ; 50                     ; Signed Integer                             ;
; output_clock_frequency16             ; 0 MHz                  ; String                                     ;
; phase_shift16                        ; 0 ps                   ; String                                     ;
; duty_cycle16                         ; 50                     ; Signed Integer                             ;
; output_clock_frequency17             ; 0 MHz                  ; String                                     ;
; phase_shift17                        ; 0 ps                   ; String                                     ;
; duty_cycle17                         ; 50                     ; Signed Integer                             ;
; clock_name_0                         ;                        ; String                                     ;
; clock_name_1                         ;                        ; String                                     ;
; clock_name_2                         ;                        ; String                                     ;
; clock_name_3                         ;                        ; String                                     ;
; clock_name_4                         ;                        ; String                                     ;
; clock_name_5                         ;                        ; String                                     ;
; clock_name_6                         ;                        ; String                                     ;
; clock_name_7                         ;                        ; String                                     ;
; clock_name_8                         ;                        ; String                                     ;
; clock_name_global_0                  ; false                  ; String                                     ;
; clock_name_global_1                  ; false                  ; String                                     ;
; clock_name_global_2                  ; false                  ; String                                     ;
; clock_name_global_3                  ; false                  ; String                                     ;
; clock_name_global_4                  ; false                  ; String                                     ;
; clock_name_global_5                  ; false                  ; String                                     ;
; clock_name_global_6                  ; false                  ; String                                     ;
; clock_name_global_7                  ; false                  ; String                                     ;
; clock_name_global_8                  ; false                  ; String                                     ;
; m_cnt_hi_div                         ; 1                      ; Signed Integer                             ;
; m_cnt_lo_div                         ; 1                      ; Signed Integer                             ;
; m_cnt_bypass_en                      ; false                  ; String                                     ;
; m_cnt_odd_div_duty_en                ; false                  ; String                                     ;
; n_cnt_hi_div                         ; 1                      ; Signed Integer                             ;
; n_cnt_lo_div                         ; 1                      ; Signed Integer                             ;
; n_cnt_bypass_en                      ; false                  ; String                                     ;
; n_cnt_odd_div_duty_en                ; false                  ; String                                     ;
; c_cnt_hi_div0                        ; 1                      ; Signed Integer                             ;
; c_cnt_lo_div0                        ; 1                      ; Signed Integer                             ;
; c_cnt_bypass_en0                     ; false                  ; String                                     ;
; c_cnt_in_src0                        ; ph_mux_clk             ; String                                     ;
; c_cnt_odd_div_duty_en0               ; false                  ; String                                     ;
; c_cnt_prst0                          ; 1                      ; Signed Integer                             ;
; c_cnt_ph_mux_prst0                   ; 0                      ; Signed Integer                             ;
; c_cnt_hi_div1                        ; 1                      ; Signed Integer                             ;
; c_cnt_lo_div1                        ; 1                      ; Signed Integer                             ;
; c_cnt_bypass_en1                     ; false                  ; String                                     ;
; c_cnt_in_src1                        ; ph_mux_clk             ; String                                     ;
; c_cnt_odd_div_duty_en1               ; false                  ; String                                     ;
; c_cnt_prst1                          ; 1                      ; Signed Integer                             ;
; c_cnt_ph_mux_prst1                   ; 0                      ; Signed Integer                             ;
; c_cnt_hi_div2                        ; 1                      ; Signed Integer                             ;
; c_cnt_lo_div2                        ; 1                      ; Signed Integer                             ;
; c_cnt_bypass_en2                     ; false                  ; String                                     ;
; c_cnt_in_src2                        ; ph_mux_clk             ; String                                     ;
; c_cnt_odd_div_duty_en2               ; false                  ; String                                     ;
; c_cnt_prst2                          ; 1                      ; Signed Integer                             ;
; c_cnt_ph_mux_prst2                   ; 0                      ; Signed Integer                             ;
; c_cnt_hi_div3                        ; 1                      ; Signed Integer                             ;
; c_cnt_lo_div3                        ; 1                      ; Signed Integer                             ;
; c_cnt_bypass_en3                     ; false                  ; String                                     ;
; c_cnt_in_src3                        ; ph_mux_clk             ; String                                     ;
; c_cnt_odd_div_duty_en3               ; false                  ; String                                     ;
; c_cnt_prst3                          ; 1                      ; Signed Integer                             ;
; c_cnt_ph_mux_prst3                   ; 0                      ; Signed Integer                             ;
; c_cnt_hi_div4                        ; 1                      ; Signed Integer                             ;
; c_cnt_lo_div4                        ; 1                      ; Signed Integer                             ;
; c_cnt_bypass_en4                     ; false                  ; String                                     ;
; c_cnt_in_src4                        ; ph_mux_clk             ; String                                     ;
; c_cnt_odd_div_duty_en4               ; false                  ; String                                     ;
; c_cnt_prst4                          ; 1                      ; Signed Integer                             ;
; c_cnt_ph_mux_prst4                   ; 0                      ; Signed Integer                             ;
; c_cnt_hi_div5                        ; 1                      ; Signed Integer                             ;
; c_cnt_lo_div5                        ; 1                      ; Signed Integer                             ;
; c_cnt_bypass_en5                     ; false                  ; String                                     ;
; c_cnt_in_src5                        ; ph_mux_clk             ; String                                     ;
; c_cnt_odd_div_duty_en5               ; false                  ; String                                     ;
; c_cnt_prst5                          ; 1                      ; Signed Integer                             ;
; c_cnt_ph_mux_prst5                   ; 0                      ; Signed Integer                             ;
; c_cnt_hi_div6                        ; 1                      ; Signed Integer                             ;
; c_cnt_lo_div6                        ; 1                      ; Signed Integer                             ;
; c_cnt_bypass_en6                     ; false                  ; String                                     ;
; c_cnt_in_src6                        ; ph_mux_clk             ; String                                     ;
; c_cnt_odd_div_duty_en6               ; false                  ; String                                     ;
; c_cnt_prst6                          ; 1                      ; Signed Integer                             ;
; c_cnt_ph_mux_prst6                   ; 0                      ; Signed Integer                             ;
; c_cnt_hi_div7                        ; 1                      ; Signed Integer                             ;
; c_cnt_lo_div7                        ; 1                      ; Signed Integer                             ;
; c_cnt_bypass_en7                     ; false                  ; String                                     ;
; c_cnt_in_src7                        ; ph_mux_clk             ; String                                     ;
; c_cnt_odd_div_duty_en7               ; false                  ; String                                     ;
; c_cnt_prst7                          ; 1                      ; Signed Integer                             ;
; c_cnt_ph_mux_prst7                   ; 0                      ; Signed Integer                             ;
; c_cnt_hi_div8                        ; 1                      ; Signed Integer                             ;
; c_cnt_lo_div8                        ; 1                      ; Signed Integer                             ;
; c_cnt_bypass_en8                     ; false                  ; String                                     ;
; c_cnt_in_src8                        ; ph_mux_clk             ; String                                     ;
; c_cnt_odd_div_duty_en8               ; false                  ; String                                     ;
; c_cnt_prst8                          ; 1                      ; Signed Integer                             ;
; c_cnt_ph_mux_prst8                   ; 0                      ; Signed Integer                             ;
; c_cnt_hi_div9                        ; 1                      ; Signed Integer                             ;
; c_cnt_lo_div9                        ; 1                      ; Signed Integer                             ;
; c_cnt_bypass_en9                     ; false                  ; String                                     ;
; c_cnt_in_src9                        ; ph_mux_clk             ; String                                     ;
; c_cnt_odd_div_duty_en9               ; false                  ; String                                     ;
; c_cnt_prst9                          ; 1                      ; Signed Integer                             ;
; c_cnt_ph_mux_prst9                   ; 0                      ; Signed Integer                             ;
; c_cnt_hi_div10                       ; 1                      ; Signed Integer                             ;
; c_cnt_lo_div10                       ; 1                      ; Signed Integer                             ;
; c_cnt_bypass_en10                    ; false                  ; String                                     ;
; c_cnt_in_src10                       ; ph_mux_clk             ; String                                     ;
; c_cnt_odd_div_duty_en10              ; false                  ; String                                     ;
; c_cnt_prst10                         ; 1                      ; Signed Integer                             ;
; c_cnt_ph_mux_prst10                  ; 0                      ; Signed Integer                             ;
; c_cnt_hi_div11                       ; 1                      ; Signed Integer                             ;
; c_cnt_lo_div11                       ; 1                      ; Signed Integer                             ;
; c_cnt_bypass_en11                    ; false                  ; String                                     ;
; c_cnt_in_src11                       ; ph_mux_clk             ; String                                     ;
; c_cnt_odd_div_duty_en11              ; false                  ; String                                     ;
; c_cnt_prst11                         ; 1                      ; Signed Integer                             ;
; c_cnt_ph_mux_prst11                  ; 0                      ; Signed Integer                             ;
; c_cnt_hi_div12                       ; 1                      ; Signed Integer                             ;
; c_cnt_lo_div12                       ; 1                      ; Signed Integer                             ;
; c_cnt_bypass_en12                    ; false                  ; String                                     ;
; c_cnt_in_src12                       ; ph_mux_clk             ; String                                     ;
; c_cnt_odd_div_duty_en12              ; false                  ; String                                     ;
; c_cnt_prst12                         ; 1                      ; Signed Integer                             ;
; c_cnt_ph_mux_prst12                  ; 0                      ; Signed Integer                             ;
; c_cnt_hi_div13                       ; 1                      ; Signed Integer                             ;
; c_cnt_lo_div13                       ; 1                      ; Signed Integer                             ;
; c_cnt_bypass_en13                    ; false                  ; String                                     ;
; c_cnt_in_src13                       ; ph_mux_clk             ; String                                     ;
; c_cnt_odd_div_duty_en13              ; false                  ; String                                     ;
; c_cnt_prst13                         ; 1                      ; Signed Integer                             ;
; c_cnt_ph_mux_prst13                  ; 0                      ; Signed Integer                             ;
; c_cnt_hi_div14                       ; 1                      ; Signed Integer                             ;
; c_cnt_lo_div14                       ; 1                      ; Signed Integer                             ;
; c_cnt_bypass_en14                    ; false                  ; String                                     ;
; c_cnt_in_src14                       ; ph_mux_clk             ; String                                     ;
; c_cnt_odd_div_duty_en14              ; false                  ; String                                     ;
; c_cnt_prst14                         ; 1                      ; Signed Integer                             ;
; c_cnt_ph_mux_prst14                  ; 0                      ; Signed Integer                             ;
; c_cnt_hi_div15                       ; 1                      ; Signed Integer                             ;
; c_cnt_lo_div15                       ; 1                      ; Signed Integer                             ;
; c_cnt_bypass_en15                    ; false                  ; String                                     ;
; c_cnt_in_src15                       ; ph_mux_clk             ; String                                     ;
; c_cnt_odd_div_duty_en15              ; false                  ; String                                     ;
; c_cnt_prst15                         ; 1                      ; Signed Integer                             ;
; c_cnt_ph_mux_prst15                  ; 0                      ; Signed Integer                             ;
; c_cnt_hi_div16                       ; 1                      ; Signed Integer                             ;
; c_cnt_lo_div16                       ; 1                      ; Signed Integer                             ;
; c_cnt_bypass_en16                    ; false                  ; String                                     ;
; c_cnt_in_src16                       ; ph_mux_clk             ; String                                     ;
; c_cnt_odd_div_duty_en16              ; false                  ; String                                     ;
; c_cnt_prst16                         ; 1                      ; Signed Integer                             ;
; c_cnt_ph_mux_prst16                  ; 0                      ; Signed Integer                             ;
; c_cnt_hi_div17                       ; 1                      ; Signed Integer                             ;
; c_cnt_lo_div17                       ; 1                      ; Signed Integer                             ;
; c_cnt_bypass_en17                    ; false                  ; String                                     ;
; c_cnt_in_src17                       ; ph_mux_clk             ; String                                     ;
; c_cnt_odd_div_duty_en17              ; false                  ; String                                     ;
; c_cnt_prst17                         ; 1                      ; Signed Integer                             ;
; c_cnt_ph_mux_prst17                  ; 0                      ; Signed Integer                             ;
; pll_vco_div                          ; 1                      ; Signed Integer                             ;
; pll_slf_rst                          ; false                  ; String                                     ;
; pll_bw_sel                           ; low                    ; String                                     ;
; pll_output_clk_frequency             ; 0 MHz                  ; String                                     ;
; pll_cp_current                       ; 0                      ; Signed Integer                             ;
; pll_bwctrl                           ; 0                      ; Signed Integer                             ;
; pll_fractional_division              ; 1                      ; Signed Integer                             ;
; pll_fractional_cout                  ; 24                     ; Signed Integer                             ;
; pll_dsm_out_sel                      ; 1st_order              ; String                                     ;
; mimic_fbclk_type                     ; gclk                   ; String                                     ;
; pll_fbclk_mux_1                      ; glb                    ; String                                     ;
; pll_fbclk_mux_2                      ; fb_1                   ; String                                     ;
; pll_m_cnt_in_src                     ; ph_mux_clk             ; String                                     ;
; pll_vcoph_div                        ; 1                      ; Signed Integer                             ;
; refclk1_frequency                    ; 0 MHz                  ; String                                     ;
; pll_clkin_0_src                      ; clk_0                  ; String                                     ;
; pll_clkin_1_src                      ; clk_0                  ; String                                     ;
; pll_clk_loss_sw_en                   ; false                  ; String                                     ;
; pll_auto_clk_sw_en                   ; false                  ; String                                     ;
; pll_manu_clk_sw_en                   ; false                  ; String                                     ;
; pll_clk_sw_dly                       ; 0                      ; Signed Integer                             ;
; pll_extclk_0_cnt_src                 ; pll_extclk_cnt_src_vss ; String                                     ;
; pll_extclk_1_cnt_src                 ; pll_extclk_cnt_src_vss ; String                                     ;
+--------------------------------------+------------------------+--------------------------------------------+
Note: In order to hide this table in the UI and the text report file, please set the "Show Parameter Settings in Synthesis Report" option in "Analysis and Synthesis Settings -> More Settings" to "Off".


+----------------------------------------------------------------+
; Parameter Settings for User Entity Instance: i2c_hdmi:i2c_hdmi ;
+----------------+----------+------------------------------------+
; Parameter Name ; Value    ; Type                               ;
+----------------+----------+------------------------------------+
; clk_freq       ; 50000000 ; Signed Integer                     ;
; i2c_freq       ; 20000    ; Signed Integer                     ;
; LUT_SIZE       ; 31       ; Signed Integer                     ;
+----------------+----------+------------------------------------+
Note: In order to hide this table in the UI and the text report file, please set the "Show Parameter Settings in Synthesis Report" option in "Analysis and Synthesis Settings -> More Settings" to "Off".


+-------------------------------------------------------------------------------------------------------------------------------------------------------------------------------------------------------------------------+
; Port Connectivity Checks: "i2c_hdmi:i2c_hdmi|I2C_Controller:unit1|i2c_write:first"                                                                                                                                      ;
+----------------+--------+----------+------------------------------------------------------------------------------------------------------------------------------------------------------------------------------------+
; Port           ; Type   ; Severity ; Details                                                                                                                                                                            ;
+----------------+--------+----------+------------------------------------------------------------------------------------------------------------------------------------------------------------------------------------+
; byte_num       ; Input  ; Warning  ; Input port expression (32 bits) is wider than the input port (8 bits) it drives.  The 24 most-significant bit(s) in the expression will be dangling if they have no other fanouts. ;
; byte_num[7..2] ; Input  ; Info     ; Stuck at GND                                                                                                                                                                       ;
; byte_num[1]    ; Input  ; Info     ; Stuck at VCC                                                                                                                                                                       ;
; byte_num[0]    ; Input  ; Info     ; Stuck at GND                                                                                                                                                                       ;
; state          ; Output ; Warning  ; Declared by entity but not connected by instance. Logic that only feeds a dangling port will be removed.                                                                           ;
; CNT            ; Output ; Warning  ; Declared by entity but not connected by instance. Logic that only feeds a dangling port will be removed.                                                                           ;
; BYTE           ; Output ; Warning  ; Declared by entity but not connected by instance. Logic that only feeds a dangling port will be removed.                                                                           ;
+----------------+--------+----------+------------------------------------------------------------------------------------------------------------------------------------------------------------------------------------+


+-------------------------------------------------------------------------------------------------------------------------------------------------------------------------+
; Port Connectivity Checks: "i2c_hdmi:i2c_hdmi|I2C_Controller:unit1"                                                                                                      ;
+-------+-------+----------+----------------------------------------------------------------------------------------------------------------------------------------------+
; Port  ; Type  ; Severity ; Details                                                                                                                                      ;
+-------+-------+----------+----------------------------------------------------------------------------------------------------------------------------------------------+
; WRITE ; Input ; Warning  ; Declared by entity but not connected by instance. If a default value exists, it will be used.  Otherwise, the port will be connected to GND. ;
+-------+-------+----------+----------------------------------------------------------------------------------------------------------------------------------------------+


+-----------------------------------------------------+
; Post-Synthesis Netlist Statistics for Top Partition ;
+-----------------------+-----------------------------+
; Type                  ; Count                       ;
+-----------------------+-----------------------------+
; arriav_ff             ; 93                          ;
;     CLR               ; 14                          ;
;     CLR SCLR          ; 26                          ;
;     ENA               ; 24                          ;
;     ENA CLR           ; 4                           ;
;     ENA CLR SCLR      ; 10                          ;
;     ENA SCLR          ; 9                           ;
;     plain             ; 6                           ;
; arriav_io_obuf        ; 5                           ;
; arriav_lcell_comb     ; 133                         ;
;     arith             ; 44                          ;
;         1 data inputs ; 44                          ;
;     extend            ; 4                           ;
;         7 data inputs ; 4                           ;
;     normal            ; 85                          ;
;         0 data inputs ; 1                           ;
;         1 data inputs ; 3                           ;
;         2 data inputs ; 2                           ;
;         3 data inputs ; 13                          ;
;         4 data inputs ; 15                          ;
;         5 data inputs ; 37                          ;
;         6 data inputs ; 14                          ;
; boundary_port         ; 41                          ;
; generic_pll           ; 1                           ;
;                       ;                             ;
; Max LUT depth         ; 3.00                        ;
; Average LUT depth     ; 1.69                        ;
+-----------------------+-----------------------------+


+-------------------------------+
; Elapsed Time Per Partition    ;
+----------------+--------------+
; Partition Name ; Elapsed Time ;
+----------------+--------------+
; Top            ; 00:00:00     ;
+----------------+--------------+


+-------------------------------+
; Analysis & Synthesis Messages ;
+-------------------------------+
Info: *******************************************************************
Info: Running Quartus Prime Analysis & Synthesis
    Info: Version 20.1.0 Build 711 06/05/2020 SJ Lite Edition
    Info: Processing started: Mon Jun 13 03:08:39 2022
Info: Command: quartus_map --read_settings_files=on --write_settings_files=off hdmi_display -c hdmi_display
Warning (18236): Number of processors has not been specified which may cause overloading on shared machines.  Set the global assignment NUM_PARALLEL_PROCESSORS in your QSF to an appropriate value for best performance.
Info (20030): Parallel compilation is enabled and will use 4 of the 4 processors detected
Info (12021): Found 1 design units, including 1 entities, in source file pll_25.v
    Info (12023): Found entity 1: pll_25 File: C:/Users/User/Desktop/HDMI_full_project/pll_25.v Line: 8
Info (12021): Found 1 design units, including 1 entities, in source file pll_25/pll_25_0002.v
    Info (12023): Found entity 1: pll_25_0002 File: C:/Users/User/Desktop/HDMI_full_project/pll_25/pll_25_0002.v Line: 2
Warning (12125): Using design file hdmi_display.v, which is not specified as a design file for the current project, but contains definitions for 1 design units and 1 entities in project
    Info (12023): Found entity 1: hdmi_display File: C:/Users/User/Desktop/HDMI_full_project/hdmi_display.v Line: 1
Info (12127): Elaborating entity "hdmi_display" for the top level hierarchy
Info (12128): Elaborating entity "pll_25" for hierarchy "pll_25:pll_25" File: C:/Users/User/Desktop/HDMI_full_project/hdmi_display.v Line: 40
Info (12128): Elaborating entity "pll_25_0002" for hierarchy "pll_25:pll_25|pll_25_0002:pll_25_inst" File: C:/Users/User/Desktop/HDMI_full_project/pll_25.v Line: 20
Info (12128): Elaborating entity "altera_pll" for hierarchy "pll_25:pll_25|pll_25_0002:pll_25_inst|altera_pll:altera_pll_i" File: C:/Users/User/Desktop/HDMI_full_project/pll_25/pll_25_0002.v Line: 85
Info (10008): Verilog HDL or VHDL information: EDA Netlist Writer cannot regroup multidimensional array "wire_to_nowhere_64" into its bus
Info (12130): Elaborated megafunction instantiation "pll_25:pll_25|pll_25_0002:pll_25_inst|altera_pll:altera_pll_i" File: C:/Users/User/Desktop/HDMI_full_project/pll_25/pll_25_0002.v Line: 85
Info (12133): Instantiated megafunction "pll_25:pll_25|pll_25_0002:pll_25_inst|altera_pll:altera_pll_i" with the following parameter: File: C:/Users/User/Desktop/HDMI_full_project/pll_25/pll_25_0002.v Line: 85
    Info (12134): Parameter "fractional_vco_multiplier" = "false"
    Info (12134): Parameter "reference_clock_frequency" = "50.0 MHz"
    Info (12134): Parameter "operation_mode" = "direct"
    Info (12134): Parameter "number_of_clocks" = "1"
    Info (12134): Parameter "output_clock_frequency0" = "25.000000 MHz"
    Info (12134): Parameter "phase_shift0" = "0 ps"
    Info (12134): Parameter "duty_cycle0" = "50"
    Info (12134): Parameter "output_clock_frequency1" = "0 MHz"
    Info (12134): Parameter "phase_shift1" = "0 ps"
    Info (12134): Parameter "duty_cycle1" = "50"
    Info (12134): Parameter "output_clock_frequency2" = "0 MHz"
    Info (12134): Parameter "phase_shift2" = "0 ps"
    Info (12134): Parameter "duty_cycle2" = "50"
    Info (12134): Parameter "output_clock_frequency3" = "0 MHz"
    Info (12134): Parameter "phase_shift3" = "0 ps"
    Info (12134): Parameter "duty_cycle3" = "50"
    Info (12134): Parameter "output_clock_frequency4" = "0 MHz"
    Info (12134): Parameter "phase_shift4" = "0 ps"
    Info (12134): Parameter "duty_cycle4" = "50"
    Info (12134): Parameter "output_clock_frequency5" = "0 MHz"
    Info (12134): Parameter "phase_shift5" = "0 ps"
    Info (12134): Parameter "duty_cycle5" = "50"
    Info (12134): Parameter "output_clock_frequency6" = "0 MHz"
    Info (12134): Parameter "phase_shift6" = "0 ps"
    Info (12134): Parameter "duty_cycle6" = "50"
    Info (12134): Parameter "output_clock_frequency7" = "0 MHz"
    Info (12134): Parameter "phase_shift7" = "0 ps"
    Info (12134): Parameter "duty_cycle7" = "50"
    Info (12134): Parameter "output_clock_frequency8" = "0 MHz"
    Info (12134): Parameter "phase_shift8" = "0 ps"
    Info (12134): Parameter "duty_cycle8" = "50"
    Info (12134): Parameter "output_clock_frequency9" = "0 MHz"
    Info (12134): Parameter "phase_shift9" = "0 ps"
    Info (12134): Parameter "duty_cycle9" = "50"
    Info (12134): Parameter "output_clock_frequency10" = "0 MHz"
    Info (12134): Parameter "phase_shift10" = "0 ps"
    Info (12134): Parameter "duty_cycle10" = "50"
    Info (12134): Parameter "output_clock_frequency11" = "0 MHz"
    Info (12134): Parameter "phase_shift11" = "0 ps"
    Info (12134): Parameter "duty_cycle11" = "50"
    Info (12134): Parameter "output_clock_frequency12" = "0 MHz"
    Info (12134): Parameter "phase_shift12" = "0 ps"
    Info (12134): Parameter "duty_cycle12" = "50"
    Info (12134): Parameter "output_clock_frequency13" = "0 MHz"
    Info (12134): Parameter "phase_shift13" = "0 ps"
    Info (12134): Parameter "duty_cycle13" = "50"
    Info (12134): Parameter "output_clock_frequency14" = "0 MHz"
    Info (12134): Parameter "phase_shift14" = "0 ps"
    Info (12134): Parameter "duty_cycle14" = "50"
    Info (12134): Parameter "output_clock_frequency15" = "0 MHz"
    Info (12134): Parameter "phase_shift15" = "0 ps"
    Info (12134): Parameter "duty_cycle15" = "50"
    Info (12134): Parameter "output_clock_frequency16" = "0 MHz"
    Info (12134): Parameter "phase_shift16" = "0 ps"
    Info (12134): Parameter "duty_cycle16" = "50"
    Info (12134): Parameter "output_clock_frequency17" = "0 MHz"
    Info (12134): Parameter "phase_shift17" = "0 ps"
    Info (12134): Parameter "duty_cycle17" = "50"
    Info (12134): Parameter "pll_type" = "General"
    Info (12134): Parameter "pll_subtype" = "General"
Warning (12125): Using design file hdmi_main.v, which is not specified as a design file for the current project, but contains definitions for 1 design units and 1 entities in project
    Info (12023): Found entity 1: HDMI_main File: C:/Users/User/Desktop/HDMI_full_project/hdmi_main.v Line: 1
Info (12128): Elaborating entity "HDMI_main" for hierarchy "HDMI_main:hdmi_main" File: C:/Users/User/Desktop/HDMI_full_project/hdmi_display.v Line: 57
Warning (12125): Using design file i2c_hdmi.v, which is not specified as a design file for the current project, but contains definitions for 1 design units and 1 entities in project
    Info (12023): Found entity 1: i2c_hdmi File: C:/Users/User/Desktop/HDMI_full_project/i2c_hdmi.v Line: 3
Info (12128): Elaborating entity "i2c_hdmi" for hierarchy "i2c_hdmi:i2c_hdmi" File: C:/Users/User/Desktop/HDMI_full_project/hdmi_display.v Line: 72
Warning (10036): Verilog HDL or VHDL warning at i2c_hdmi.v(22): object "ready" assigned a value but never read File: C:/Users/User/Desktop/HDMI_full_project/i2c_hdmi.v Line: 22
Warning (10034): Output port "start" at i2c_hdmi.v(11) has no driver File: C:/Users/User/Desktop/HDMI_full_project/i2c_hdmi.v Line: 11
Warning (12125): Using design file i2c_controller.v, which is not specified as a design file for the current project, but contains definitions for 2 design units and 2 entities in project
    Info (12023): Found entity 1: i2c_write File: C:/Users/User/Desktop/HDMI_full_project/i2c_write.v Line: 1
    Info (12023): Found entity 2: I2C_Controller File: C:/Users/User/Desktop/HDMI_full_project/i2c_controller.v Line: 3
Info (12128): Elaborating entity "I2C_Controller" for hierarchy "i2c_hdmi:i2c_hdmi|I2C_Controller:unit1" File: C:/Users/User/Desktop/HDMI_full_project/i2c_hdmi.v Line: 59
Info (12128): Elaborating entity "i2c_write" for hierarchy "i2c_hdmi:i2c_hdmi|I2C_Controller:unit1|i2c_write:first" File: C:/Users/User/Desktop/HDMI_full_project/i2c_controller.v Line: 30
Warning (12241): 2 hierarchies have connectivity warnings - see the Connectivity Checks report folder
Warning (13024): Output pins are stuck at VCC or GND
    Warning (13410): Pin "START" is stuck at GND File: C:/Users/User/Desktop/HDMI_full_project/hdmi_display.v Line: 17
Info (286030): Timing-Driven Synthesis is running
Info (17049): 2 registers lost all their fanouts during netlist optimizations.
Info (16010): Generating hard_block partition "hard_block:auto_generated_inst"
    Info (16011): Adding 5 node(s), including 0 DDIO, 1 PLL, 0 transceiver and 0 LCELL
Info (21057): Implemented 172 device resources after synthesis - the final resource count might be different
    Info (21058): Implemented 6 input pins
    Info (21059): Implemented 34 output pins
    Info (21060): Implemented 1 bidirectional pins
    Info (21061): Implemented 130 logic cells
    Info (21065): Implemented 1 PLLs
Info: Quartus Prime Analysis & Synthesis was successful. 0 errors, 10 warnings
    Info: Peak virtual memory: 4828 megabytes
    Info: Processing ended: Mon Jun 13 03:08:49 2022
    Info: Elapsed time: 00:00:10
    Info: Total CPU time (on all processors): 00:00:24


